\BOOKMARK [0][-]{chapter.1}{\376\377\000O\000b\000j\000e\000c\000t\000i\000f}{}% 1
\BOOKMARK [0][-]{chapter.2}{\376\377\000S\000t\000r\000u\000c\000t\000u\000r\000e\000\040\000e\000t\000\040\000C\000o\000n\000t\000e\000n\000u}{}% 2
\BOOKMARK [1][-]{section.2.1}{\376\377\000I\000n\000t\000r\000o\000d\000u\000c\000t\000i\000o\000n\000\040\000G\000\351\000n\000\351\000r\000a\000l\000e}{chapter.2}% 3
\BOOKMARK [1][-]{section.2.2}{\376\377\000P\000r\000\351\000s\000e\000n\000t\000a\000t\000i\000o\000n\000\040\000d\000u\000\040\000J\000e\000u}{chapter.2}% 4
\BOOKMARK [1][-]{section.2.3}{\376\377\000I\000m\000p\000l\000\351\000m\000e\000n\000t\000a\000t\000i\000o\000n\000\040\000e\000t\000\040\000C\000h\000a\000l\000l\000e\000n\000g\000e\000s}{chapter.2}% 5
\BOOKMARK [2][-]{subsection.2.3.1}{\376\377\000C\000o\000n\000t\000r\000a\000i\000n\000t\000e\000s\000\040\000t\000e\000c\000h\000n\000i\000q\000u\000e\000s}{section.2.3}% 6
\BOOKMARK [2][-]{subsection.2.3.2}{\376\377\000C\000h\000o\000i\000x\000\040\000d\000'\000i\000m\000p\000l\000\351\000m\000e\000n\000t\000a\000t\000i\000o\000n}{section.2.3}% 7
\BOOKMARK [1][-]{section.2.4}{\376\377\000O\000r\000g\000a\000n\000i\000s\000a\000t\000i\000o\000n\000\040\000d\000u\000\040\000t\000r\000a\000v\000a\000i\000l}{chapter.2}% 8
\BOOKMARK [2][-]{subsection.2.4.1}{\376\377\000C\000o\000m\000m\000e\000n\000t\000a\000i\000r\000e\000s\000\040\000q\000u\000a\000n\000t\000\040\000\340\000\040\000l\000'\000o\000r\000g\000a\000n\000i\000s\000a\000t\000i\000o\000n\000\040\000d\000e\000\040\000l\000'\000\351\000q\000u\000i\000p\000e}{section.2.4}% 9
\BOOKMARK [3][-]{subsubsection.2.4.1.1}{\376\377\000J\000u\000s\000q\000u\000'\000a\000u\000\040\000J\000a\000l\000o\000n\000\040\0001}{subsection.2.4.1}% 10
\BOOKMARK [3][-]{subsubsection.2.4.1.2}{\376\377\000D\000u\000\040\000J\000a\000l\000o\000n\000\040\0001\000\040\000a\000u\000\040\000J\000a\000l\000o\000n\000\040\0002}{subsection.2.4.1}% 11
\BOOKMARK [3][-]{subsubsection.2.4.1.3}{\376\377\000D\000u\000\040\000J\000a\000l\000o\000n\000\040\0002\000\040\000a\000u\000\040\000J\000a\000l\000o\000n\000\040\0003}{subsection.2.4.1}% 12
\BOOKMARK [2][-]{subsection.2.4.2}{\376\377\000V\000u\000e\000\040\000G\000l\000o\000b\000a\000l\000e}{section.2.4}% 13
\BOOKMARK [0][-]{chapter.3}{\376\377\000B\000i\000l\000a\000n}{}% 14
\BOOKMARK [1][-]{section.3.1}{\376\377\000R\000\351\000a\000l\000i\000s\000a\000t\000i\000o\000n\000\040\000T\000e\000c\000h\000n\000i\000q\000u\000e}{chapter.3}% 15
\BOOKMARK [1][-]{section.3.2}{\376\377\000C\000o\000n\000n\000a\000i\000s\000s\000a\000n\000c\000e\000s\000\040\000e\000t\000\040\000C\000o\000m\000p\000\351\000t\000e\000n\000c\000e\000s}{chapter.3}% 16
\BOOKMARK [2][-]{subsection.3.2.1}{\376\377\000C\000o\000m\000p\000\351\000t\000e\000n\000c\000e\000\040\0001\000\040\000:\000\040\000R\000\351\000a\000l\000i\000s\000e\000r\000\040\000u\000n\000\040\000d\000\351\000v\000e\000l\000o\000p\000p\000e\000m\000e\000n\000t\000\040\000d\040\031\000a\000p\000p\000l\000i\000c\000a\000t\000i\000o\000n}{section.3.2}% 17
\BOOKMARK [2][-]{subsection.3.2.2}{\376\377\000C\000o\000m\000p\000\351\000t\000e\000n\000c\000e\000\040\0002\000\040\000:\000\040\000O\000p\000t\000i\000m\000i\000s\000e\000r\000\040\000d\000e\000s\000\040\000a\000p\000p\000l\000i\000c\000a\000t\000i\000o\000n\000s}{section.3.2}% 18
\BOOKMARK [2][-]{subsection.3.2.3}{\376\377\000C\000o\000m\000p\000\351\000t\000e\000n\000c\000e\000\040\0006\000\040\000:\000\040\000C\000o\000l\000l\000a\000b\000o\000r\000e\000r\000\040\000a\000u\000\040\000s\000e\000i\000n\000\040\000d\040\031\000u\000n\000e\000\040\000\351\000q\000u\000i\000p\000e\000\040\000i\000n\000f\000o\000r\000m\000a\000t\000i\000q\000u\000e}{section.3.2}% 19
\BOOKMARK [1][-]{section.3.3}{\376\377\000E\000t\000u\000d\000e\000\040\000d\000e\000\040\000c\000a\000s\000\040\000j\000u\000r\000i\000d\000i\000q\000u\000e}{chapter.3}% 20
\BOOKMARK [1][-]{section.3.4}{\376\377\000A\000u\000t\000o\000-\000\351\000v\000a\000l\000u\000a\000t\000i\000o\000n}{chapter.3}% 21
\BOOKMARK [2][-]{subsection.3.4.1}{\376\377\000P\000o\000i\000n\000t\000s\000\040\000f\000o\000r\000t\000s}{section.3.4}% 22
\BOOKMARK [2][-]{subsection.3.4.2}{\376\377\000P\000o\000i\000n\000t\000s\000\040\000\340\000\040\000a\000m\000\351\000l\000i\000o\000r\000e\000r}{section.3.4}% 23
\BOOKMARK [1][-]{section.3.5}{\376\377\000C\000o\000n\000c\000l\000u\000s\000i\000o\000n}{chapter.3}% 24
\BOOKMARK [0][-]{appendix.A}{\376\377\000C\000o\000m\000p\000\351\000t\000e\000n\000c\000e\000s\000\040\000e\000t\000\040\000\311\000v\000a\000l\000u\000a\000t\000i\000o\000n\000s\000\040\000p\000e\000r\000s\000o\000n\000n\000e\000l\000l\000e\000s}{}% 25
\BOOKMARK [1][-]{section.A.1}{\376\377\000B\000i\000l\000a\000n\000\040\000d\000e\000\040\000C\000o\000m\000p\000\351\000t\000e\000n\000c\000e\000s}{appendix.A}% 26
\BOOKMARK [1][-]{section.A.2}{\376\377\000A\000u\000t\000o\000-\000\351\000v\000a\000l\000u\000a\000t\000i\000o\000n\000s}{appendix.A}% 27
\BOOKMARK [0][-]{appendix.B}{\376\377\000G\000l\000o\000s\000s\000a\000i\000r\000e}{}% 28
\BOOKMARK [0][-]{appendix.C}{\376\377\000F\000i\000g\000u\000r\000e\000s}{}% 29
